12:38:20.950 [main] INFO  org.testng.log4testng.Logger.info(Logger.java:112)oggger - [TestNG] Running:
  D:\SeleniumWebDriver Workspace\OpencartV121\grouping.xml

12:38:27.339 [main] INFO  testCases.TC002_LoginTest.verify_login(TC002_LoginTest.java:15)oggger - *****Starting TC002_LoginTest*****
12:38:27.704 [main] INFO  testCases.TC002_LoginTest.verify_login(TC002_LoginTest.java:22)oggger - Clicked on MyAccount Link..
12:38:28.288 [main] INFO  testCases.TC002_LoginTest.verify_login(TC002_LoginTest.java:25)oggger - Clicked on Login Link..
12:38:28.836 [main] INFO  testCases.TC002_LoginTest.verify_login(TC002_LoginTest.java:31)oggger - Entered Valid Email..
12:38:29.115 [main] INFO  testCases.TC002_LoginTest.verify_login(TC002_LoginTest.java:34)oggger - Entered Valid Password..
12:38:29.443 [main] INFO  testCases.TC002_LoginTest.verify_login(TC002_LoginTest.java:37)oggger - Clicked on Login Button..
12:38:30.955 [main] INFO  testCases.TC002_LoginTest.verify_login(TC002_LoginTest.java:43)oggger - Validating Target Page..
12:38:30.970 [main] INFO  testCases.TC002_LoginTest.verify_login(TC002_LoginTest.java:51)oggger - *****Finished TC002_LoginTest*****
12:40:46.712 [main] INFO  org.testng.log4testng.Logger.info(Logger.java:112)oggger - [TestNG] Running:
  D:\SeleniumWebDriver Workspace\OpencartV121\grouping.xml

12:40:53.888 [main] INFO  testCases.TC002_LoginTest.verify_login(TC002_LoginTest.java:15)oggger - *****Starting TC002_LoginTest*****
12:40:54.255 [main] INFO  testCases.TC002_LoginTest.verify_login(TC002_LoginTest.java:22)oggger - Clicked on MyAccount Link..
12:40:54.812 [main] INFO  testCases.TC002_LoginTest.verify_login(TC002_LoginTest.java:25)oggger - Clicked on Login Link..
12:40:55.412 [main] INFO  testCases.TC002_LoginTest.verify_login(TC002_LoginTest.java:31)oggger - Entered Valid Email..
12:40:55.695 [main] INFO  testCases.TC002_LoginTest.verify_login(TC002_LoginTest.java:34)oggger - Entered Valid Password..
12:40:55.987 [main] INFO  testCases.TC002_LoginTest.verify_login(TC002_LoginTest.java:37)oggger - Clicked on Login Button..
12:40:57.426 [main] INFO  testCases.TC002_LoginTest.verify_login(TC002_LoginTest.java:43)oggger - Validating Target Page..
12:40:57.441 [main] INFO  testCases.TC002_LoginTest.verify_login(TC002_LoginTest.java:51)oggger - *****Finished TC002_LoginTest*****
12:49:58.884 [main] INFO  org.testng.log4testng.Logger.info(Logger.java:112)oggger - [TestNG] Running:
  D:\SeleniumWebDriver Workspace\OpencartV121\master.xml

12:50:06.263 [main] INFO  testCases.TC001_AccountRegistrationTest.verify_account_registration(TC001_AccountRegistrationTest.java:13)oggger - ***** Starting TC001_AccountRegistrationTest *****
12:50:06.679 [main] INFO  testCases.TC001_AccountRegistrationTest.verify_account_registration(TC001_AccountRegistrationTest.java:18)oggger - Clicked on MyAccount Link..
12:50:08.341 [main] INFO  testCases.TC001_AccountRegistrationTest.verify_account_registration(TC001_AccountRegistrationTest.java:21)oggger - Clicked on Register Link..
12:50:08.374 [main] INFO  testCases.TC001_AccountRegistrationTest.verify_account_registration(TC001_AccountRegistrationTest.java:25)oggger - Providing customer details..
12:50:11.395 [main] INFO  testCases.TC001_AccountRegistrationTest.verify_account_registration(TC001_AccountRegistrationTest.java:39)oggger - Validating expected message..
12:50:11.550 [main] INFO  testCases.TC001_AccountRegistrationTest.verify_account_registration(TC001_AccountRegistrationTest.java:54)oggger - ***** Finished TC001_AccountRegistrationTest *****
12:50:16.432 [main] INFO  testCases.TC002_LoginTest.verify_login(TC002_LoginTest.java:15)oggger - *****Starting TC002_LoginTest*****
12:50:16.831 [main] INFO  testCases.TC002_LoginTest.verify_login(TC002_LoginTest.java:22)oggger - Clicked on MyAccount Link..
12:50:17.432 [main] INFO  testCases.TC002_LoginTest.verify_login(TC002_LoginTest.java:25)oggger - Clicked on Login Link..
12:50:18.045 [main] INFO  testCases.TC002_LoginTest.verify_login(TC002_LoginTest.java:31)oggger - Entered Valid Email..
12:50:18.334 [main] INFO  testCases.TC002_LoginTest.verify_login(TC002_LoginTest.java:34)oggger - Entered Valid Password..
12:50:18.612 [main] INFO  testCases.TC002_LoginTest.verify_login(TC002_LoginTest.java:37)oggger - Clicked on Login Button..
12:50:19.649 [main] INFO  testCases.TC002_LoginTest.verify_login(TC002_LoginTest.java:43)oggger - Validating Target Page..
12:50:19.652 [main] INFO  testCases.TC002_LoginTest.verify_login(TC002_LoginTest.java:51)oggger - *****Finished TC002_LoginTest*****
11:53:05.878 [main] INFO  org.testng.log4testng.Logger.info(Logger.java:112)oggger - [TestNG] Running:
  D:\SeleniumWebDriver Workspace\OpencartV121\grouping.xml

11:53:17.112 [main] INFO  testCases.TC001_AccountRegistrationTest.verify_account_registration(TC001_AccountRegistrationTest.java:13)oggger - ***** Starting TC001_AccountRegistrationTest *****
11:53:17.770 [main] INFO  testCases.TC001_AccountRegistrationTest.verify_account_registration(TC001_AccountRegistrationTest.java:18)oggger - Clicked on MyAccount Link..
11:53:18.647 [main] INFO  testCases.TC001_AccountRegistrationTest.verify_account_registration(TC001_AccountRegistrationTest.java:21)oggger - Clicked on Register Link..
11:53:18.765 [main] INFO  testCases.TC001_AccountRegistrationTest.verify_account_registration(TC001_AccountRegistrationTest.java:25)oggger - Providing customer details..
11:53:21.818 [main] INFO  testCases.TC001_AccountRegistrationTest.verify_account_registration(TC001_AccountRegistrationTest.java:39)oggger - Validating expected message..
11:53:22.027 [main] INFO  testCases.TC001_AccountRegistrationTest.verify_account_registration(TC001_AccountRegistrationTest.java:54)oggger - ***** Finished TC001_AccountRegistrationTest *****
11:53:27.653 [main] INFO  testCases.TC002_LoginTest.verify_login(TC002_LoginTest.java:15)oggger - *****Starting TC002_LoginTest*****
11:53:28.276 [main] INFO  testCases.TC002_LoginTest.verify_login(TC002_LoginTest.java:22)oggger - Clicked on MyAccount Link..
11:53:29.043 [main] INFO  testCases.TC002_LoginTest.verify_login(TC002_LoginTest.java:25)oggger - Clicked on Login Link..
11:53:29.543 [main] INFO  testCases.TC002_LoginTest.verify_login(TC002_LoginTest.java:31)oggger - Entered Valid Email..
11:53:29.803 [main] INFO  testCases.TC002_LoginTest.verify_login(TC002_LoginTest.java:34)oggger - Entered Valid Password..
11:53:30.091 [main] INFO  testCases.TC002_LoginTest.verify_login(TC002_LoginTest.java:37)oggger - Clicked on Login Button..
11:53:31.150 [main] INFO  testCases.TC002_LoginTest.verify_login(TC002_LoginTest.java:43)oggger - Validating Target Page..
11:53:31.151 [main] INFO  testCases.TC002_LoginTest.verify_login(TC002_LoginTest.java:51)oggger - *****Finished TC002_LoginTest*****
11:59:42.355 [main] INFO  org.testng.log4testng.Logger.info(Logger.java:112)oggger - [TestNG] Running:
  D:\SeleniumWebDriver Workspace\OpencartV121\grouping.xml

11:59:50.039 [main] INFO  testCases.TC001_AccountRegistrationTest.verify_account_registration(TC001_AccountRegistrationTest.java:13)oggger - ***** Starting TC001_AccountRegistrationTest *****
11:59:50.440 [main] INFO  testCases.TC001_AccountRegistrationTest.verify_account_registration(TC001_AccountRegistrationTest.java:18)oggger - Clicked on MyAccount Link..
11:59:51.402 [main] INFO  testCases.TC001_AccountRegistrationTest.verify_account_registration(TC001_AccountRegistrationTest.java:21)oggger - Clicked on Register Link..
11:59:51.415 [main] INFO  testCases.TC001_AccountRegistrationTest.verify_account_registration(TC001_AccountRegistrationTest.java:25)oggger - Providing customer details..
11:59:54.489 [main] INFO  testCases.TC001_AccountRegistrationTest.verify_account_registration(TC001_AccountRegistrationTest.java:39)oggger - Validating expected message..
11:59:54.635 [main] INFO  testCases.TC001_AccountRegistrationTest.verify_account_registration(TC001_AccountRegistrationTest.java:54)oggger - ***** Finished TC001_AccountRegistrationTest *****
11:59:59.923 [main] INFO  testCases.TC002_LoginTest.verify_login(TC002_LoginTest.java:15)oggger - *****Starting TC002_LoginTest*****
12:00:00.384 [main] INFO  testCases.TC002_LoginTest.verify_login(TC002_LoginTest.java:22)oggger - Clicked on MyAccount Link..
12:00:01.030 [main] INFO  testCases.TC002_LoginTest.verify_login(TC002_LoginTest.java:25)oggger - Clicked on Login Link..
12:00:01.601 [main] INFO  testCases.TC002_LoginTest.verify_login(TC002_LoginTest.java:31)oggger - Entered Valid Email..
12:00:01.930 [main] INFO  testCases.TC002_LoginTest.verify_login(TC002_LoginTest.java:34)oggger - Entered Valid Password..
12:00:02.203 [main] INFO  testCases.TC002_LoginTest.verify_login(TC002_LoginTest.java:37)oggger - Clicked on Login Button..
12:00:13.048 [main] INFO  testCases.TC002_LoginTest.verify_login(TC002_LoginTest.java:43)oggger - Validating Target Page..
12:32:00.713 [main] INFO  org.testng.log4testng.Logger.info(Logger.java:112)oggger - [TestNG] Running:
  D:\SeleniumWebDriver Workspace\OpencartV121\master.xml

12:32:08.730 [main] INFO  testCases.TC001_AccountRegistrationTest.verify_account_registration(TC001_AccountRegistrationTest.java:13)oggger - ***** Starting TC001_AccountRegistrationTest *****
12:32:09.197 [main] INFO  testCases.TC001_AccountRegistrationTest.verify_account_registration(TC001_AccountRegistrationTest.java:18)oggger - Clicked on MyAccount Link..
12:32:10.015 [main] INFO  testCases.TC001_AccountRegistrationTest.verify_account_registration(TC001_AccountRegistrationTest.java:21)oggger - Clicked on Register Link..
12:32:10.029 [main] INFO  testCases.TC001_AccountRegistrationTest.verify_account_registration(TC001_AccountRegistrationTest.java:25)oggger - Providing customer details..
12:32:13.276 [main] INFO  testCases.TC001_AccountRegistrationTest.verify_account_registration(TC001_AccountRegistrationTest.java:39)oggger - Validating expected message..
12:32:13.419 [main] INFO  testCases.TC001_AccountRegistrationTest.verify_account_registration(TC001_AccountRegistrationTest.java:54)oggger - ***** Finished TC001_AccountRegistrationTest *****
12:32:18.976 [main] INFO  testCases.TC002_LoginTest.verify_login(TC002_LoginTest.java:15)oggger - *****Starting TC002_LoginTest*****
12:32:19.338 [main] INFO  testCases.TC002_LoginTest.verify_login(TC002_LoginTest.java:22)oggger - Clicked on MyAccount Link..
12:32:19.950 [main] INFO  testCases.TC002_LoginTest.verify_login(TC002_LoginTest.java:25)oggger - Clicked on Login Link..
12:32:20.407 [main] INFO  testCases.TC002_LoginTest.verify_login(TC002_LoginTest.java:31)oggger - Entered Valid Email..
12:32:20.684 [main] INFO  testCases.TC002_LoginTest.verify_login(TC002_LoginTest.java:34)oggger - Entered Valid Password..
12:32:21.686 [main] INFO  testCases.TC002_LoginTest.verify_login(TC002_LoginTest.java:37)oggger - Clicked on Login Button..
12:32:31.774 [main] INFO  testCases.TC002_LoginTest.verify_login(TC002_LoginTest.java:43)oggger - Validating Target Page..
12:36:09.932 [main] INFO  org.testng.log4testng.Logger.info(Logger.java:112)oggger - [TestNG] Running:
  D:\SeleniumWebDriver Workspace\OpencartV121\test-output\testng-failed.xml

12:36:17.075 [main] INFO  testCases.TC002_LoginTest.verify_login(TC002_LoginTest.java:15)oggger - *****Starting TC002_LoginTest*****
12:36:17.482 [main] INFO  testCases.TC002_LoginTest.verify_login(TC002_LoginTest.java:22)oggger - Clicked on MyAccount Link..
12:36:18.059 [main] INFO  testCases.TC002_LoginTest.verify_login(TC002_LoginTest.java:25)oggger - Clicked on Login Link..
12:36:18.636 [main] INFO  testCases.TC002_LoginTest.verify_login(TC002_LoginTest.java:31)oggger - Entered Valid Email..
12:36:18.927 [main] INFO  testCases.TC002_LoginTest.verify_login(TC002_LoginTest.java:34)oggger - Entered Valid Password..
12:36:19.256 [main] INFO  testCases.TC002_LoginTest.verify_login(TC002_LoginTest.java:37)oggger - Clicked on Login Button..
12:36:20.447 [main] INFO  testCases.TC002_LoginTest.verify_login(TC002_LoginTest.java:43)oggger - Validating Target Page..
12:36:20.466 [main] INFO  testCases.TC002_LoginTest.verify_login(TC002_LoginTest.java:51)oggger - *****Finished TC002_LoginTest*****
12:44:43.549 [main] INFO  org.testng.log4testng.Logger.info(Logger.java:112)oggger - [TestNG] Running:
  D:\SeleniumWebDriver Workspace\OpencartV121\master.xml

12:44:55.546 [main] INFO  testCases.TC001_AccountRegistrationTest.verify_account_registration(TC001_AccountRegistrationTest.java:13)oggger - ***** Starting TC001_AccountRegistrationTest *****
12:44:56.021 [main] INFO  testCases.TC001_AccountRegistrationTest.verify_account_registration(TC001_AccountRegistrationTest.java:18)oggger - Clicked on MyAccount Link..
12:44:56.961 [main] INFO  testCases.TC001_AccountRegistrationTest.verify_account_registration(TC001_AccountRegistrationTest.java:21)oggger - Clicked on Register Link..
12:44:56.972 [main] INFO  testCases.TC001_AccountRegistrationTest.verify_account_registration(TC001_AccountRegistrationTest.java:25)oggger - Providing customer details..
12:45:00.322 [main] INFO  testCases.TC001_AccountRegistrationTest.verify_account_registration(TC001_AccountRegistrationTest.java:39)oggger - Validating expected message..
12:45:00.488 [main] ERROR testCases.TC001_AccountRegistrationTest.verify_account_registration(TC001_AccountRegistrationTest.java:44)oggger - Test failed..
12:45:07.370 [main] INFO  testCases.TC002_LoginTest.verify_login(TC002_LoginTest.java:15)oggger - *****Starting TC002_LoginTest*****
12:45:07.679 [main] INFO  testCases.TC002_LoginTest.verify_login(TC002_LoginTest.java:22)oggger - Clicked on MyAccount Link..
12:45:08.408 [main] INFO  testCases.TC002_LoginTest.verify_login(TC002_LoginTest.java:25)oggger - Clicked on Login Link..
12:45:08.991 [main] INFO  testCases.TC002_LoginTest.verify_login(TC002_LoginTest.java:31)oggger - Entered Valid Email..
12:45:09.277 [main] INFO  testCases.TC002_LoginTest.verify_login(TC002_LoginTest.java:34)oggger - Entered Valid Password..
12:45:09.588 [main] INFO  testCases.TC002_LoginTest.verify_login(TC002_LoginTest.java:37)oggger - Clicked on Login Button..
12:45:10.702 [main] INFO  testCases.TC002_LoginTest.verify_login(TC002_LoginTest.java:43)oggger - Validating Target Page..
12:45:10.703 [main] INFO  testCases.TC002_LoginTest.verify_login(TC002_LoginTest.java:51)oggger - *****Finished TC002_LoginTest*****
12:50:27.875 [main] INFO  org.testng.log4testng.Logger.info(Logger.java:112)oggger - [TestNG] Running:
  D:\SeleniumWebDriver Workspace\OpencartV121\master.xml

12:50:35.340 [main] INFO  testCases.TC001_AccountRegistrationTest.verify_account_registration(TC001_AccountRegistrationTest.java:13)oggger - ***** Starting TC001_AccountRegistrationTest *****
12:50:35.736 [main] INFO  testCases.TC001_AccountRegistrationTest.verify_account_registration(TC001_AccountRegistrationTest.java:18)oggger - Clicked on MyAccount Link..
12:50:36.590 [main] INFO  testCases.TC001_AccountRegistrationTest.verify_account_registration(TC001_AccountRegistrationTest.java:21)oggger - Clicked on Register Link..
12:50:36.601 [main] INFO  testCases.TC001_AccountRegistrationTest.verify_account_registration(TC001_AccountRegistrationTest.java:25)oggger - Providing customer details..
12:50:39.952 [main] INFO  testCases.TC001_AccountRegistrationTest.verify_account_registration(TC001_AccountRegistrationTest.java:39)oggger - Validating expected message..
12:50:40.092 [main] ERROR testCases.TC001_AccountRegistrationTest.verify_account_registration(TC001_AccountRegistrationTest.java:44)oggger - Test failed..
12:50:45.312 [main] INFO  testCases.TC002_LoginTest.verify_login(TC002_LoginTest.java:15)oggger - *****Starting TC002_LoginTest*****
12:50:45.675 [main] INFO  testCases.TC002_LoginTest.verify_login(TC002_LoginTest.java:22)oggger - Clicked on MyAccount Link..
12:50:46.329 [main] INFO  testCases.TC002_LoginTest.verify_login(TC002_LoginTest.java:25)oggger - Clicked on Login Link..
12:50:46.922 [main] INFO  testCases.TC002_LoginTest.verify_login(TC002_LoginTest.java:31)oggger - Entered Valid Email..
12:50:47.268 [main] INFO  testCases.TC002_LoginTest.verify_login(TC002_LoginTest.java:34)oggger - Entered Valid Password..
12:50:47.582 [main] INFO  testCases.TC002_LoginTest.verify_login(TC002_LoginTest.java:37)oggger - Clicked on Login Button..
12:50:58.388 [main] INFO  testCases.TC002_LoginTest.verify_login(TC002_LoginTest.java:43)oggger - Validating Target Page..
12:54:17.682 [main] INFO  org.testng.log4testng.Logger.info(Logger.java:112)oggger - [TestNG] Running:
  D:\SeleniumWebDriver Workspace\OpencartV121\test-output\testng-failed.xml

12:54:26.088 [main] INFO  testCases.TC002_LoginTest.verify_login(TC002_LoginTest.java:15)oggger - *****Starting TC002_LoginTest*****
12:54:26.527 [main] INFO  testCases.TC002_LoginTest.verify_login(TC002_LoginTest.java:22)oggger - Clicked on MyAccount Link..
12:54:27.138 [main] INFO  testCases.TC002_LoginTest.verify_login(TC002_LoginTest.java:25)oggger - Clicked on Login Link..
12:54:27.652 [main] INFO  testCases.TC002_LoginTest.verify_login(TC002_LoginTest.java:31)oggger - Entered Valid Email..
12:54:28.002 [main] INFO  testCases.TC002_LoginTest.verify_login(TC002_LoginTest.java:34)oggger - Entered Valid Password..
12:54:28.294 [main] INFO  testCases.TC002_LoginTest.verify_login(TC002_LoginTest.java:37)oggger - Clicked on Login Button..
12:54:29.306 [main] INFO  testCases.TC002_LoginTest.verify_login(TC002_LoginTest.java:43)oggger - Validating Target Page..
12:54:29.325 [main] INFO  testCases.TC002_LoginTest.verify_login(TC002_LoginTest.java:51)oggger - *****Finished TC002_LoginTest*****
12:54:34.083 [main] INFO  testCases.TC001_AccountRegistrationTest.verify_account_registration(TC001_AccountRegistrationTest.java:13)oggger - ***** Starting TC001_AccountRegistrationTest *****
12:54:34.539 [main] INFO  testCases.TC001_AccountRegistrationTest.verify_account_registration(TC001_AccountRegistrationTest.java:18)oggger - Clicked on MyAccount Link..
12:54:35.858 [main] INFO  testCases.TC001_AccountRegistrationTest.verify_account_registration(TC001_AccountRegistrationTest.java:21)oggger - Clicked on Register Link..
12:54:35.869 [main] INFO  testCases.TC001_AccountRegistrationTest.verify_account_registration(TC001_AccountRegistrationTest.java:25)oggger - Providing customer details..
12:54:39.118 [main] INFO  testCases.TC001_AccountRegistrationTest.verify_account_registration(TC001_AccountRegistrationTest.java:39)oggger - Validating expected message..
12:54:39.245 [main] INFO  testCases.TC001_AccountRegistrationTest.verify_account_registration(TC001_AccountRegistrationTest.java:54)oggger - ***** Finished TC001_AccountRegistrationTest *****
15:10:12.168 [main] INFO  org.testng.log4testng.Logger.info(Logger.java:112)oggger - [TestNG] Running:
  D:\SeleniumWebDriver Workspace\OpencartV121\master.xml

15:10:21.542 [main] INFO  testCases.TC001_AccountRegistrationTest.verify_account_registration(TC001_AccountRegistrationTest.java:13)oggger - ***** Starting TC001_AccountRegistrationTest *****
15:10:22.322 [main] INFO  testCases.TC001_AccountRegistrationTest.verify_account_registration(TC001_AccountRegistrationTest.java:18)oggger - Clicked on MyAccount Link..
15:10:23.592 [main] INFO  testCases.TC001_AccountRegistrationTest.verify_account_registration(TC001_AccountRegistrationTest.java:21)oggger - Clicked on Register Link..
15:10:23.666 [main] INFO  testCases.TC001_AccountRegistrationTest.verify_account_registration(TC001_AccountRegistrationTest.java:25)oggger - Providing customer details..
15:10:26.924 [main] INFO  testCases.TC001_AccountRegistrationTest.verify_account_registration(TC001_AccountRegistrationTest.java:39)oggger - Validating expected message..
15:10:27.146 [main] INFO  testCases.TC001_AccountRegistrationTest.verify_account_registration(TC001_AccountRegistrationTest.java:54)oggger - ***** Finished TC001_AccountRegistrationTest *****
15:10:33.132 [main] INFO  testCases.TC002_LoginTest.verify_login(TC002_LoginTest.java:15)oggger - *****Starting TC002_LoginTest*****
15:10:34.073 [main] INFO  testCases.TC002_LoginTest.verify_login(TC002_LoginTest.java:22)oggger - Clicked on MyAccount Link..
15:10:34.857 [main] INFO  testCases.TC002_LoginTest.verify_login(TC002_LoginTest.java:25)oggger - Clicked on Login Link..
15:10:35.728 [main] INFO  testCases.TC002_LoginTest.verify_login(TC002_LoginTest.java:31)oggger - Entered Valid Email..
15:10:36.091 [main] INFO  testCases.TC002_LoginTest.verify_login(TC002_LoginTest.java:34)oggger - Entered Valid Password..
15:10:37.229 [main] INFO  testCases.TC002_LoginTest.verify_login(TC002_LoginTest.java:37)oggger - Clicked on Login Button..
15:10:37.432 [main] INFO  testCases.TC002_LoginTest.verify_login(TC002_LoginTest.java:43)oggger - Validating Target Page..
15:10:37.433 [main] INFO  testCases.TC002_LoginTest.verify_login(TC002_LoginTest.java:51)oggger - *****Finished TC002_LoginTest*****
15:14:19.254 [main] INFO  org.testng.log4testng.Logger.info(Logger.java:112)oggger - [TestNG] Running:
  D:\SeleniumWebDriver Workspace\OpencartV121\master.xml

15:14:31.583 [main] INFO  testCases.TC001_AccountRegistrationTest.verify_account_registration(TC001_AccountRegistrationTest.java:13)oggger - ***** Starting TC001_AccountRegistrationTest *****
15:14:32.149 [main] INFO  testCases.TC001_AccountRegistrationTest.verify_account_registration(TC001_AccountRegistrationTest.java:18)oggger - Clicked on MyAccount Link..
15:14:33.804 [main] INFO  testCases.TC001_AccountRegistrationTest.verify_account_registration(TC001_AccountRegistrationTest.java:21)oggger - Clicked on Register Link..
15:14:33.817 [main] INFO  testCases.TC001_AccountRegistrationTest.verify_account_registration(TC001_AccountRegistrationTest.java:25)oggger - Providing customer details..
15:14:37.614 [main] INFO  testCases.TC001_AccountRegistrationTest.verify_account_registration(TC001_AccountRegistrationTest.java:39)oggger - Validating expected message..
15:14:37.782 [main] INFO  testCases.TC001_AccountRegistrationTest.verify_account_registration(TC001_AccountRegistrationTest.java:54)oggger - ***** Finished TC001_AccountRegistrationTest *****
15:14:42.815 [main] INFO  testCases.TC002_LoginTest.verify_login(TC002_LoginTest.java:15)oggger - *****Starting TC002_LoginTest*****
15:14:43.327 [main] INFO  testCases.TC002_LoginTest.verify_login(TC002_LoginTest.java:22)oggger - Clicked on MyAccount Link..
15:14:44.369 [main] INFO  testCases.TC002_LoginTest.verify_login(TC002_LoginTest.java:25)oggger - Clicked on Login Link..
15:14:44.950 [main] INFO  testCases.TC002_LoginTest.verify_login(TC002_LoginTest.java:31)oggger - Entered Valid Email..
15:14:45.196 [main] INFO  testCases.TC002_LoginTest.verify_login(TC002_LoginTest.java:34)oggger - Entered Valid Password..
15:14:46.437 [main] INFO  testCases.TC002_LoginTest.verify_login(TC002_LoginTest.java:37)oggger - Clicked on Login Button..
15:14:46.653 [main] INFO  testCases.TC002_LoginTest.verify_login(TC002_LoginTest.java:43)oggger - Validating Target Page..
15:14:46.654 [main] INFO  testCases.TC002_LoginTest.verify_login(TC002_LoginTest.java:51)oggger - *****Finished TC002_LoginTest*****
15:15:13.975 [main] INFO  org.testng.log4testng.Logger.info(Logger.java:112)oggger - [TestNG] Running:
  D:\SeleniumWebDriver Workspace\OpencartV121\master.xml

15:15:22.252 [main] INFO  testCases.TC001_AccountRegistrationTest.verify_account_registration(TC001_AccountRegistrationTest.java:13)oggger - ***** Starting TC001_AccountRegistrationTest *****
15:15:22.916 [main] INFO  testCases.TC001_AccountRegistrationTest.verify_account_registration(TC001_AccountRegistrationTest.java:18)oggger - Clicked on MyAccount Link..
15:15:24.494 [main] INFO  testCases.TC001_AccountRegistrationTest.verify_account_registration(TC001_AccountRegistrationTest.java:21)oggger - Clicked on Register Link..
15:15:24.509 [main] INFO  testCases.TC001_AccountRegistrationTest.verify_account_registration(TC001_AccountRegistrationTest.java:25)oggger - Providing customer details..
15:15:27.907 [main] INFO  testCases.TC001_AccountRegistrationTest.verify_account_registration(TC001_AccountRegistrationTest.java:39)oggger - Validating expected message..
15:15:28.096 [main] INFO  testCases.TC001_AccountRegistrationTest.verify_account_registration(TC001_AccountRegistrationTest.java:54)oggger - ***** Finished TC001_AccountRegistrationTest *****
15:15:34.569 [main] INFO  testCases.TC002_LoginTest.verify_login(TC002_LoginTest.java:15)oggger - *****Starting TC002_LoginTest*****
15:15:35.115 [main] INFO  testCases.TC002_LoginTest.verify_login(TC002_LoginTest.java:22)oggger - Clicked on MyAccount Link..
15:15:36.300 [main] INFO  testCases.TC002_LoginTest.verify_login(TC002_LoginTest.java:25)oggger - Clicked on Login Link..
15:15:36.805 [main] INFO  testCases.TC002_LoginTest.verify_login(TC002_LoginTest.java:31)oggger - Entered Valid Email..
15:15:37.099 [main] INFO  testCases.TC002_LoginTest.verify_login(TC002_LoginTest.java:34)oggger - Entered Valid Password..
15:15:38.257 [main] INFO  testCases.TC002_LoginTest.verify_login(TC002_LoginTest.java:37)oggger - Clicked on Login Button..
15:15:38.432 [main] INFO  testCases.TC002_LoginTest.verify_login(TC002_LoginTest.java:43)oggger - Validating Target Page..
15:15:38.433 [main] INFO  testCases.TC002_LoginTest.verify_login(TC002_LoginTest.java:51)oggger - *****Finished TC002_LoginTest*****
15:19:28.094 [main] INFO  org.testng.log4testng.Logger.info(Logger.java:112)oggger - [TestNG] Running:
  D:\SeleniumWebDriver Workspace\OpencartV121\crossbrowsertesting.xml

15:19:29.202 [TestNG-tests-3] INFO  testCases.TC001_AccountRegistrationTest.verify_account_registration(TC001_AccountRegistrationTest.java:13)oggger - ***** Starting TC001_AccountRegistrationTest *****
15:19:39.854 [TestNG-tests-1] INFO  testCases.TC001_AccountRegistrationTest.verify_account_registration(TC001_AccountRegistrationTest.java:13)oggger - ***** Starting TC001_AccountRegistrationTest *****
15:19:40.817 [TestNG-tests-1] INFO  testCases.TC001_AccountRegistrationTest.verify_account_registration(TC001_AccountRegistrationTest.java:18)oggger - Clicked on MyAccount Link..
15:19:42.881 [TestNG-tests-1] INFO  testCases.TC001_AccountRegistrationTest.verify_account_registration(TC001_AccountRegistrationTest.java:21)oggger - Clicked on Register Link..
15:19:42.894 [TestNG-tests-1] INFO  testCases.TC001_AccountRegistrationTest.verify_account_registration(TC001_AccountRegistrationTest.java:25)oggger - Providing customer details..
15:19:51.511 [TestNG-tests-2] INFO  testCases.TC001_AccountRegistrationTest.verify_account_registration(TC001_AccountRegistrationTest.java:13)oggger - ***** Starting TC001_AccountRegistrationTest *****
15:19:52.250 [TestNG-tests-2] INFO  testCases.TC001_AccountRegistrationTest.verify_account_registration(TC001_AccountRegistrationTest.java:18)oggger - Clicked on MyAccount Link..
15:19:53.639 [TestNG-tests-1] INFO  testCases.TC001_AccountRegistrationTest.verify_account_registration(TC001_AccountRegistrationTest.java:39)oggger - Validating expected message..
15:19:53.829 [TestNG-tests-1] INFO  testCases.TC001_AccountRegistrationTest.verify_account_registration(TC001_AccountRegistrationTest.java:54)oggger - ***** Finished TC001_AccountRegistrationTest *****
15:19:54.391 [TestNG-tests-2] INFO  testCases.TC001_AccountRegistrationTest.verify_account_registration(TC001_AccountRegistrationTest.java:21)oggger - Clicked on Register Link..
15:19:54.396 [TestNG-tests-2] INFO  testCases.TC001_AccountRegistrationTest.verify_account_registration(TC001_AccountRegistrationTest.java:25)oggger - Providing customer details..
17:33:37.068 [main] INFO  org.testng.log4testng.Logger.info(Logger.java:112)oggger - [TestNG] Running:
  D:\SeleniumWebDriver Workspace\OpencartV121\master.xml

17:33:46.196 [main] INFO  testCases.TC001_AccountRegistrationTest.verify_account_registration(TC001_AccountRegistrationTest.java:13)oggger - ***** Starting TC001_AccountRegistrationTest *****
17:33:46.395 [main] INFO  testCases.TC001_AccountRegistrationTest.verify_account_registration(TC001_AccountRegistrationTest.java:18)oggger - Clicked on MyAccount Link..
17:33:46.839 [main] INFO  testCases.TC001_AccountRegistrationTest.verify_account_registration(TC001_AccountRegistrationTest.java:21)oggger - Clicked on Register Link..
17:33:46.867 [main] INFO  testCases.TC001_AccountRegistrationTest.verify_account_registration(TC001_AccountRegistrationTest.java:25)oggger - Providing customer details..
17:33:48.659 [main] INFO  testCases.TC001_AccountRegistrationTest.verify_account_registration(TC001_AccountRegistrationTest.java:39)oggger - Validating expected message..
17:33:48.715 [main] INFO  testCases.TC001_AccountRegistrationTest.verify_account_registration(TC001_AccountRegistrationTest.java:54)oggger - ***** Finished TC001_AccountRegistrationTest *****
17:33:51.050 [main] INFO  testCases.TC002_LoginTest.verify_login(TC002_LoginTest.java:15)oggger - *****Starting TC002_LoginTest*****
17:33:51.213 [main] INFO  testCases.TC002_LoginTest.verify_login(TC002_LoginTest.java:22)oggger - Clicked on MyAccount Link..
17:33:51.543 [main] INFO  testCases.TC002_LoginTest.verify_login(TC002_LoginTest.java:25)oggger - Clicked on Login Link..
17:33:51.734 [main] INFO  testCases.TC002_LoginTest.verify_login(TC002_LoginTest.java:31)oggger - Entered Valid Email..
17:33:51.862 [main] INFO  testCases.TC002_LoginTest.verify_login(TC002_LoginTest.java:34)oggger - Entered Valid Password..
17:33:52.012 [main] INFO  testCases.TC002_LoginTest.verify_login(TC002_LoginTest.java:37)oggger - Clicked on Login Button..
17:33:52.827 [main] INFO  testCases.TC002_LoginTest.verify_login(TC002_LoginTest.java:43)oggger - Validating Target Page..
17:33:52.827 [main] INFO  testCases.TC002_LoginTest.verify_login(TC002_LoginTest.java:51)oggger - *****Finished TC002_LoginTest*****
17:39:36.988 [main] INFO  org.testng.log4testng.Logger.info(Logger.java:112)oggger - [TestNG] Running:
  D:\SeleniumWebDriver Workspace\OpencartV121\master.xml

17:39:44.751 [main] INFO  testCases.TC001_AccountRegistrationTest.verify_account_registration(TC001_AccountRegistrationTest.java:13)oggger - ***** Starting TC001_AccountRegistrationTest *****
17:39:44.979 [main] INFO  testCases.TC001_AccountRegistrationTest.verify_account_registration(TC001_AccountRegistrationTest.java:18)oggger - Clicked on MyAccount Link..
17:39:45.430 [main] INFO  testCases.TC001_AccountRegistrationTest.verify_account_registration(TC001_AccountRegistrationTest.java:21)oggger - Clicked on Register Link..
17:39:45.456 [main] INFO  testCases.TC001_AccountRegistrationTest.verify_account_registration(TC001_AccountRegistrationTest.java:25)oggger - Providing customer details..
17:39:47.171 [main] INFO  testCases.TC001_AccountRegistrationTest.verify_account_registration(TC001_AccountRegistrationTest.java:39)oggger - Validating expected message..
17:39:47.223 [main] INFO  testCases.TC001_AccountRegistrationTest.verify_account_registration(TC001_AccountRegistrationTest.java:54)oggger - ***** Finished TC001_AccountRegistrationTest *****
17:39:49.675 [main] INFO  testCases.TC002_LoginTest.verify_login(TC002_LoginTest.java:15)oggger - *****Starting TC002_LoginTest*****
17:39:49.820 [main] INFO  testCases.TC002_LoginTest.verify_login(TC002_LoginTest.java:22)oggger - Clicked on MyAccount Link..
17:39:50.144 [main] INFO  testCases.TC002_LoginTest.verify_login(TC002_LoginTest.java:25)oggger - Clicked on Login Link..
17:39:50.358 [main] INFO  testCases.TC002_LoginTest.verify_login(TC002_LoginTest.java:31)oggger - Entered Valid Email..
17:39:50.475 [main] INFO  testCases.TC002_LoginTest.verify_login(TC002_LoginTest.java:34)oggger - Entered Valid Password..
17:39:51.342 [main] INFO  testCases.TC002_LoginTest.verify_login(TC002_LoginTest.java:37)oggger - Clicked on Login Button..
17:39:51.417 [main] INFO  testCases.TC002_LoginTest.verify_login(TC002_LoginTest.java:43)oggger - Validating Target Page..
17:39:51.417 [main] INFO  testCases.TC002_LoginTest.verify_login(TC002_LoginTest.java:51)oggger - *****Finished TC002_LoginTest*****
17:42:40.146 [main] INFO  org.testng.log4testng.Logger.info(Logger.java:112)oggger - [TestNG] Running:
  D:\SeleniumWebDriver Workspace\OpencartV121\master.xml

17:42:43.478 [main] INFO  testCases.TC001_AccountRegistrationTest.verify_account_registration(TC001_AccountRegistrationTest.java:13)oggger - ***** Starting TC001_AccountRegistrationTest *****
17:42:43.642 [main] INFO  testCases.TC001_AccountRegistrationTest.verify_account_registration(TC001_AccountRegistrationTest.java:18)oggger - Clicked on MyAccount Link..
17:42:44.114 [main] INFO  testCases.TC001_AccountRegistrationTest.verify_account_registration(TC001_AccountRegistrationTest.java:21)oggger - Clicked on Register Link..
17:42:44.122 [main] INFO  testCases.TC001_AccountRegistrationTest.verify_account_registration(TC001_AccountRegistrationTest.java:25)oggger - Providing customer details..
17:42:45.844 [main] INFO  testCases.TC001_AccountRegistrationTest.verify_account_registration(TC001_AccountRegistrationTest.java:39)oggger - Validating expected message..
17:42:45.900 [main] INFO  testCases.TC001_AccountRegistrationTest.verify_account_registration(TC001_AccountRegistrationTest.java:54)oggger - ***** Finished TC001_AccountRegistrationTest *****
17:42:48.325 [main] INFO  testCases.TC002_LoginTest.verify_login(TC002_LoginTest.java:15)oggger - *****Starting TC002_LoginTest*****
17:42:48.477 [main] INFO  testCases.TC002_LoginTest.verify_login(TC002_LoginTest.java:22)oggger - Clicked on MyAccount Link..
17:42:48.809 [main] INFO  testCases.TC002_LoginTest.verify_login(TC002_LoginTest.java:25)oggger - Clicked on Login Link..
17:42:49.021 [main] INFO  testCases.TC002_LoginTest.verify_login(TC002_LoginTest.java:31)oggger - Entered Valid Email..
17:42:49.151 [main] INFO  testCases.TC002_LoginTest.verify_login(TC002_LoginTest.java:34)oggger - Entered Valid Password..
17:42:49.274 [main] INFO  testCases.TC002_LoginTest.verify_login(TC002_LoginTest.java:37)oggger - Clicked on Login Button..
17:42:50.073 [main] INFO  testCases.TC002_LoginTest.verify_login(TC002_LoginTest.java:43)oggger - Validating Target Page..
17:42:50.073 [main] INFO  testCases.TC002_LoginTest.verify_login(TC002_LoginTest.java:51)oggger - *****Finished TC002_LoginTest*****
11:41:31.110 [main] INFO  testCases.TC001_AccountRegistrationTest.verify_account_registration(TC001_AccountRegistrationTest.java:13)oggger - ***** Starting TC001_AccountRegistrationTest *****
11:41:31.861 [main] INFO  testCases.TC001_AccountRegistrationTest.verify_account_registration(TC001_AccountRegistrationTest.java:18)oggger - Clicked on MyAccount Link..
11:41:33.278 [main] INFO  testCases.TC001_AccountRegistrationTest.verify_account_registration(TC001_AccountRegistrationTest.java:21)oggger - Clicked on Register Link..
11:41:33.356 [main] INFO  testCases.TC001_AccountRegistrationTest.verify_account_registration(TC001_AccountRegistrationTest.java:25)oggger - Providing customer details..
11:41:36.896 [main] INFO  testCases.TC001_AccountRegistrationTest.verify_account_registration(TC001_AccountRegistrationTest.java:39)oggger - Validating expected message..
11:41:37.056 [main] INFO  testCases.TC001_AccountRegistrationTest.verify_account_registration(TC001_AccountRegistrationTest.java:54)oggger - ***** Finished TC001_AccountRegistrationTest *****
11:41:42.297 [main] INFO  testCases.TC002_LoginTest.verify_login(TC002_LoginTest.java:15)oggger - *****Starting TC002_LoginTest*****
11:41:42.753 [main] INFO  testCases.TC002_LoginTest.verify_login(TC002_LoginTest.java:22)oggger - Clicked on MyAccount Link..
11:41:43.315 [main] INFO  testCases.TC002_LoginTest.verify_login(TC002_LoginTest.java:25)oggger - Clicked on Login Link..
11:41:43.807 [main] INFO  testCases.TC002_LoginTest.verify_login(TC002_LoginTest.java:31)oggger - Entered Valid Email..
11:41:44.055 [main] INFO  testCases.TC002_LoginTest.verify_login(TC002_LoginTest.java:34)oggger - Entered Valid Password..
11:41:44.349 [main] INFO  testCases.TC002_LoginTest.verify_login(TC002_LoginTest.java:37)oggger - Clicked on Login Button..
11:41:45.429 [main] INFO  testCases.TC002_LoginTest.verify_login(TC002_LoginTest.java:43)oggger - Validating Target Page..
11:41:45.430 [main] INFO  testCases.TC002_LoginTest.verify_login(TC002_LoginTest.java:51)oggger - *****Finished TC002_LoginTest*****
12:26:03.156 [main] INFO  testCases.TC001_AccountRegistrationTest.verify_account_registration(TC001_AccountRegistrationTest.java:13)oggger - ***** Starting TC001_AccountRegistrationTest *****
12:26:03.653 [main] INFO  testCases.TC001_AccountRegistrationTest.verify_account_registration(TC001_AccountRegistrationTest.java:18)oggger - Clicked on MyAccount Link..
12:26:04.617 [main] INFO  testCases.TC001_AccountRegistrationTest.verify_account_registration(TC001_AccountRegistrationTest.java:21)oggger - Clicked on Register Link..
12:26:04.633 [main] INFO  testCases.TC001_AccountRegistrationTest.verify_account_registration(TC001_AccountRegistrationTest.java:25)oggger - Providing customer details..
12:26:07.751 [main] INFO  testCases.TC001_AccountRegistrationTest.verify_account_registration(TC001_AccountRegistrationTest.java:39)oggger - Validating expected message..
12:26:07.890 [main] INFO  testCases.TC001_AccountRegistrationTest.verify_account_registration(TC001_AccountRegistrationTest.java:54)oggger - ***** Finished TC001_AccountRegistrationTest *****
12:26:13.150 [main] INFO  testCases.TC002_LoginTest.verify_login(TC002_LoginTest.java:15)oggger - *****Starting TC002_LoginTest*****
12:26:13.487 [main] INFO  testCases.TC002_LoginTest.verify_login(TC002_LoginTest.java:22)oggger - Clicked on MyAccount Link..
12:26:14.158 [main] INFO  testCases.TC002_LoginTest.verify_login(TC002_LoginTest.java:25)oggger - Clicked on Login Link..
12:26:14.769 [main] INFO  testCases.TC002_LoginTest.verify_login(TC002_LoginTest.java:31)oggger - Entered Valid Email..
12:26:15.068 [main] INFO  testCases.TC002_LoginTest.verify_login(TC002_LoginTest.java:34)oggger - Entered Valid Password..
12:26:15.344 [main] INFO  testCases.TC002_LoginTest.verify_login(TC002_LoginTest.java:37)oggger - Clicked on Login Button..
12:26:16.323 [main] INFO  testCases.TC002_LoginTest.verify_login(TC002_LoginTest.java:43)oggger - Validating Target Page..
12:26:16.324 [main] INFO  testCases.TC002_LoginTest.verify_login(TC002_LoginTest.java:51)oggger - *****Finished TC002_LoginTest*****
13:08:31.966 [main] INFO  testCases.TC001_AccountRegistrationTest.verify_account_registration(TC001_AccountRegistrationTest.java:13)oggger - ***** Starting TC001_AccountRegistrationTest *****
13:08:32.568 [main] INFO  testCases.TC001_AccountRegistrationTest.verify_account_registration(TC001_AccountRegistrationTest.java:18)oggger - Clicked on MyAccount Link..
13:08:33.820 [main] INFO  testCases.TC001_AccountRegistrationTest.verify_account_registration(TC001_AccountRegistrationTest.java:21)oggger - Clicked on Register Link..
13:08:33.849 [main] INFO  testCases.TC001_AccountRegistrationTest.verify_account_registration(TC001_AccountRegistrationTest.java:25)oggger - Providing customer details..
13:08:37.175 [main] INFO  testCases.TC001_AccountRegistrationTest.verify_account_registration(TC001_AccountRegistrationTest.java:39)oggger - Validating expected message..
13:08:37.332 [main] INFO  testCases.TC001_AccountRegistrationTest.verify_account_registration(TC001_AccountRegistrationTest.java:54)oggger - ***** Finished TC001_AccountRegistrationTest *****
13:08:42.162 [main] INFO  testCases.TC002_LoginTest.verify_login(TC002_LoginTest.java:15)oggger - *****Starting TC002_LoginTest*****
13:08:42.531 [main] INFO  testCases.TC002_LoginTest.verify_login(TC002_LoginTest.java:22)oggger - Clicked on MyAccount Link..
13:08:43.091 [main] INFO  testCases.TC002_LoginTest.verify_login(TC002_LoginTest.java:25)oggger - Clicked on Login Link..
13:08:43.934 [main] INFO  testCases.TC002_LoginTest.verify_login(TC002_LoginTest.java:31)oggger - Entered Valid Email..
13:08:44.221 [main] INFO  testCases.TC002_LoginTest.verify_login(TC002_LoginTest.java:34)oggger - Entered Valid Password..
13:08:44.532 [main] INFO  testCases.TC002_LoginTest.verify_login(TC002_LoginTest.java:37)oggger - Clicked on Login Button..
13:08:45.587 [main] INFO  testCases.TC002_LoginTest.verify_login(TC002_LoginTest.java:43)oggger - Validating Target Page..
13:08:45.588 [main] INFO  testCases.TC002_LoginTest.verify_login(TC002_LoginTest.java:51)oggger - *****Finished TC002_LoginTest*****
